Arguments: 
  /opt/homebrew/Cellar/node/16.0.0_1/bin/node /opt/homebrew/Cellar/yarn/1.22.10/libexec/bin/yarn.js add –g @angular/cli@latest

PATH: 
  /Users/actdigital/.zinit/polaris/bin:/opt/homebrew/bin:/opt/homebrew/sbin:/usr/local/bin:/usr/bin:/bin:/usr/sbin:/sbin:/Library/Apple/usr/bin:/opt/homebrew/bin:/Users/actdigital/Library/Android/sdk/emulator:/Users/actdigital/Library/Android/sdk/tools:/Users/actdigital/Library/Android/sdk/tools/bin:/Users/actdigital/Library/Android/sdk/platform-tools

Yarn version: 
  1.22.10

Node version: 
  16.0.0

Platform: 
  darwin arm64

Trace: 
  TypeError [ERR_UNESCAPED_CHARACTERS]: Request path contains unescaped characters
      at new NodeError (node:internal/errors:363:5)
      at new ClientRequest (node:_http_client:154:13)
      at Object.request (node:https:317:10)
      at Request.module.exports.Request.start (/opt/homebrew/Cellar/yarn/1.22.10/libexec/lib/cli.js:141311:32)
      at Request.module.exports.Request.end (/opt/homebrew/Cellar/yarn/1.22.10/libexec/lib/cli.js:142070:10)
      at end (/opt/homebrew/Cellar/yarn/1.22.10/libexec/lib/cli.js:141124:14)
      at Immediate._onImmediate (/opt/homebrew/Cellar/yarn/1.22.10/libexec/lib/cli.js:141138:7)
      at processImmediate (node:internal/timers:464:21)

npm manifest: 
  No manifest

yarn manifest: 
  No manifest

Lockfile: 
  # THIS IS AN AUTOGENERATED FILE. DO NOT EDIT THIS FILE DIRECTLY.
  # yarn lockfile v1
